[2019-03-30 18:12:22.2600] - INFO - Initialized with uuid BCAB163F-589D-4E6D-990F-5315B5F4B033
[2019-03-30 18:12:22.2640] - INFO - Reading from /Users/samenoka/Downloads/future-charts.framerx (origin); preserving existing contents of project folder: false
[2019-03-30 18:12:22.3210] - INFO - Updating origin: /Users/samenoka/Downloads/future-charts.framerx, last modified on: 2019-03-30 07:11:36 +0000
[2019-03-30 18:12:22.3330] - INFO - Done reading
[2019-03-30 18:12:22.3340] - INFO - Marking changed: false
[2019-03-30 18:12:22.4790] - INFO - Proxy Config: exceptions: *.local, 169.254/16
[2019-03-30 18:12:23.5220] - ERROR - No installed Framer version
[2019-03-30 18:12:23.5250] - ERROR - No installed Framer version
[2019-03-30 18:12:23.9890] - INFO - GET 200 /design/document.json 0 B (7ms)
[2019-03-30 18:12:25.4620] - ERROR - No installed Framer version
[2019-03-30 18:12:34.0620] - WARNING - "@framer/janvanwtf.youtube#framer@^0.7.2" doesn't satisfy found match of "framer@0.10.10"
[2019-03-30 18:12:34.2230] - INFO - GET 200 /node_modules/framer/build/framer.debug.js 0 B (7ms)
[2019-03-30 18:12:34.5800] - INFO - GET 200 /node_modules/framer/build/framer.debug.js 0 B (4ms)
[2019-03-30 18:12:34.8340] - INFO - GET 200 /design/images/0sITcJlXfAKQ2cN2Lcje5Z749w.png 107 kB (1ms)
[2019-03-30 18:12:36.8830] - INFO - GET 200 /node_modules/framer/build/framer.debug.js 0 B (8ms)
[2019-03-30 18:12:37.9480] - WARNING - "@framer/janvanwtf.youtube#framer@^0.7.2" doesn't satisfy found match of "framer@0.10.10"
[2019-03-30 18:12:49.7870] - INFO - GET 200 /node_modules/@framer/janvanwtf.youtube/metadata/icon.png 935 B (1ms)
[2019-03-30 18:12:51.5470] - INFO - GET 200 /node_modules/@framer/janvanwtf.youtube/metadata/icon.png 935 B (1ms)
[2019-03-30 18:12:53.9620] - INFO - GET 200 /README.md 0 B (1ms)
[2019-03-30 18:12:53.9630] - INFO - GET 200 /package.json 563 B (2ms)
[2019-03-30 18:12:57.1070] - INFO - GET 200 /package.json 522 B (1ms)
[2019-03-30 18:12:58.1480] - DEBUG - [Save session: 0] Started, operation: saveOperation
[2019-03-30 18:12:58.1480] - DEBUG - [Save session: 0] Before container.writeChanges
[2019-03-30 18:12:58.1530] - DEBUG - [Save session: 0] Before waitUsingRecursiveRunLoop
[2019-03-30 18:12:58.1540] - DEBUG - [Save session: 0] Completed container.writeChanges
[2019-03-30 18:12:58.1540] - DEBUG - [Save session: 0] Completed waitUsingRecursiveRunLoop
[2019-03-30 18:12:58.1670] - INFO - Saving to /Users/samenoka/Downloads/future-charts.framerx (origin)
[2019-03-30 18:12:58.3230] - INFO - Done saving
[2019-03-30 18:12:58.3250] - INFO - Updating origin: /Users/samenoka/Downloads/future-charts.framerx, last modified on: 2019-03-30 07:12:58 +0000
[2019-03-30 18:12:58.3260] - INFO - Marking changed: false
[2019-03-30 18:12:58.3360] - DEBUG - [Save session: 0] Completed super.save
[2019-03-30 18:13:22.4870] - INFO - Backing up to /Users/samenoka/Library/Autosave Information/Framer-BCAB163F-589D-4E6D-990F-5315B5F4B033/container/.backups/2019-03-30 18.13.22.zip
[2019-03-30 18:21:21.8440] - DEBUG - [Save session: 1] Started, operation: autosaveInPlaceOperation
[2019-03-30 18:21:21.8440] - DEBUG - [Save session: 1] Before container.writeChanges
[2019-03-30 18:21:21.8440] - DEBUG - [Save session: 1] Before waitUsingRecursiveRunLoop
[2019-03-30 18:21:21.9100] - DEBUG - [Save session: 1] Completed container.writeChanges
[2019-03-30 18:21:21.9100] - DEBUG - [Save session: 1] Completed waitUsingRecursiveRunLoop
[2019-03-30 18:21:21.9120] - INFO - Saving to /Users/samenoka/Downloads/future-charts.framerx (origin)
[2019-03-30 18:21:22.1020] - INFO - Done saving
[2019-03-30 18:21:22.1060] - INFO - Updating origin: /Users/samenoka/Downloads/future-charts.framerx, last modified on: 2019-03-30 07:21:22 +0000
[2019-03-30 18:21:22.1100] - DEBUG - [Save session: 1] Completed super.save
[2019-03-30 18:21:26.0570] - DEBUG - [Save session: 2] Started, operation: saveOperation
[2019-03-30 18:21:26.0570] - DEBUG - [Save session: 2] Before container.writeChanges
[2019-03-30 18:21:26.0570] - DEBUG - [Save session: 2] Before waitUsingRecursiveRunLoop
[2019-03-30 18:21:26.0880] - DEBUG - [Save session: 2] Completed container.writeChanges
[2019-03-30 18:21:26.0880] - DEBUG - [Save session: 2] Completed waitUsingRecursiveRunLoop
[2019-03-30 18:21:26.0890] - INFO - Saving to /Users/samenoka/Downloads/future-charts.framerx (origin)
[2019-03-30 18:21:26.2650] - INFO - Done saving
[2019-03-30 18:21:26.2690] - INFO - Updating origin: /Users/samenoka/Downloads/future-charts.framerx, last modified on: 2019-03-30 07:21:26 +0000
[2019-03-30 18:21:26.2690] - INFO - Marking changed: false
[2019-03-30 18:21:26.2820] - DEBUG - [Save session: 2] Completed super.save
[2019-03-30 18:21:37.4850] - INFO - Backing up to /Users/samenoka/Library/Autosave Information/Framer-BCAB163F-589D-4E6D-990F-5315B5F4B033/container/.backups/2019-03-30 18.21.37.zip
[2019-03-30 18:22:38.7220] - INFO - Backing up to /Users/samenoka/Library/Autosave Information/Framer-BCAB163F-589D-4E6D-990F-5315B5F4B033/container/.backups/2019-03-30 18.22.38.zip
[2019-03-30 18:23:21.7890] - DEBUG - [Save session: 3] Started, operation: autosaveInPlaceOperation, implicitly cancellable
[2019-03-30 18:23:21.7890] - DEBUG - [Save session: 3] Before container.writeChanges
[2019-03-30 18:23:21.7990] - DEBUG - [Save session: 3] Before waitUsingRecursiveRunLoop
[2019-03-30 18:23:21.8000] - DEBUG - [Save session: 3] Completed container.writeChanges
[2019-03-30 18:23:21.8000] - DEBUG - [Save session: 3] Completed waitUsingRecursiveRunLoop
[2019-03-30 18:23:21.8150] - DEBUG - [Save session: 3] Completed super.save
[2019-03-30 18:26:46.5240] - INFO - Backing up to /Users/samenoka/Library/Autosave Information/Framer-BCAB163F-589D-4E6D-990F-5315B5F4B033/container/.backups/2019-03-30 18.26.46.zip
[2019-03-30 18:27:47.1060] - INFO - Backing up to /Users/samenoka/Library/Autosave Information/Framer-BCAB163F-589D-4E6D-990F-5315B5F4B033/container/.backups/2019-03-30 18.27.47.zip
[2019-03-30 18:28:47.4020] - INFO - Backing up to /Users/samenoka/Library/Autosave Information/Framer-BCAB163F-589D-4E6D-990F-5315B5F4B033/container/.backups/2019-03-30 18.28.47.zip
[2019-03-30 18:28:52.6470] - INFO - GET 200 /node_modules/framer/build/framer.debug.js 0 B (5ms)
[2019-03-30 18:28:57.9320] - DEBUG - [Save session: 4] Started, operation: autosaveInPlaceOperation, implicitly cancellable
[2019-03-30 18:28:57.9320] - DEBUG - [Save session: 4] Before container.writeChanges
[2019-03-30 18:28:57.9370] - DEBUG - [Save session: 4] Before waitUsingRecursiveRunLoop
[2019-03-30 18:28:57.9400] - DEBUG - [Save session: 4] Completed container.writeChanges
[2019-03-30 18:28:57.9400] - DEBUG - [Save session: 4] Completed waitUsingRecursiveRunLoop
[2019-03-30 18:28:57.9840] - DEBUG - [Save session: 4] Completed super.save
[2019-03-30 18:29:05.2310] - INFO - GET 200 /node_modules/framer/build/framer.debug.js 0 B (8ms)
[2019-03-30 18:29:47.5640] - INFO - Backing up to /Users/samenoka/Library/Autosave Information/Framer-BCAB163F-589D-4E6D-990F-5315B5F4B033/container/.backups/2019-03-30 18.29.47.zip
[2019-03-30 18:32:50.2560] - INFO - Backing up to /Users/samenoka/Library/Autosave Information/Framer-BCAB163F-589D-4E6D-990F-5315B5F4B033/container/.backups/2019-03-30 18.32.50.zip
[2019-03-30 18:33:57.6090] - INFO - Backing up to /Users/samenoka/Library/Autosave Information/Framer-BCAB163F-589D-4E6D-990F-5315B5F4B033/container/.backups/2019-03-30 18.33.57.zip
[2019-03-30 18:34:33.8030] - DEBUG - [Save session: 5] Started, operation: autosaveInPlaceOperation, implicitly cancellable
[2019-03-30 18:34:33.8030] - DEBUG - [Save session: 5] Before container.writeChanges
[2019-03-30 18:34:33.8030] - DEBUG - [Save session: 5] Before waitUsingRecursiveRunLoop
[2019-03-30 18:34:33.9100] - DEBUG - [Save session: 5] Completed container.writeChanges
[2019-03-30 18:34:33.9160] - DEBUG - [Save session: 5] Completed waitUsingRecursiveRunLoop
[2019-03-30 18:34:33.9330] - DEBUG - [Save session: 5] Completed super.save
[2019-03-30 18:34:58.4160] - INFO - Backing up to /Users/samenoka/Library/Autosave Information/Framer-BCAB163F-589D-4E6D-990F-5315B5F4B033/container/.backups/2019-03-30 18.34.58.zip
[2019-03-30 18:35:10.8100] - DEBUG - [Save session: 6] Started, operation: saveOperation
[2019-03-30 18:35:10.8100] - DEBUG - [Save session: 6] Before container.writeChanges
[2019-03-30 18:35:10.8100] - DEBUG - [Save session: 6] Before waitUsingRecursiveRunLoop
[2019-03-30 18:35:10.8680] - DEBUG - [Save session: 6] Completed container.writeChanges
[2019-03-30 18:35:10.8680] - DEBUG - [Save session: 6] Completed waitUsingRecursiveRunLoop
[2019-03-30 18:35:10.8690] - INFO - Saving to /Users/samenoka/Downloads/future-charts.framerx (origin)
[2019-03-30 18:35:11.0830] - INFO - Done saving
[2019-03-30 18:35:11.0870] - INFO - Updating origin: /Users/samenoka/Downloads/future-charts.framerx, last modified on: 2019-03-30 07:35:11 +0000
[2019-03-30 18:35:11.0870] - INFO - Marking changed: false
[2019-03-30 18:35:11.1060] - DEBUG - [Save session: 6] Completed super.save
[2019-03-30 18:35:39.1520] - DEBUG - [Save session: 7] Started, operation: saveOperation
[2019-03-30 18:35:39.1520] - DEBUG - [Save session: 7] Before container.writeChanges
[2019-03-30 18:35:39.1520] - DEBUG - [Save session: 7] Before waitUsingRecursiveRunLoop
[2019-03-30 18:35:39.2050] - DEBUG - [Save session: 7] Completed container.writeChanges
[2019-03-30 18:35:39.2050] - DEBUG - [Save session: 7] Completed waitUsingRecursiveRunLoop
[2019-03-30 18:35:39.2070] - INFO - Saving to /Users/samenoka/Downloads/future-charts.framerx (origin)
[2019-03-30 18:35:39.3470] - INFO - Done saving
[2019-03-30 18:35:39.3500] - INFO - Updating origin: /Users/samenoka/Downloads/future-charts.framerx, last modified on: 2019-03-30 07:35:39 +0000
[2019-03-30 18:35:39.3500] - INFO - Marking changed: false
[2019-03-30 18:35:39.3570] - DEBUG - [Save session: 7] Completed super.save
[2019-03-30 18:35:41.8130] - INFO - GET 200 /node_modules/framer/build/framer.debug.js 0 B (2ms)
[2019-03-30 18:35:58.5250] - INFO - Backing up to /Users/samenoka/Library/Autosave Information/Framer-BCAB163F-589D-4E6D-990F-5315B5F4B033/container/.backups/2019-03-30 18.35.58.zip
[2019-03-30 18:37:53.6500] - INFO - GET 200 /node_modules/framer/build/framer.debug.js 0 B (16ms)
[2019-03-30 18:37:57.2670] - INFO - GET 200 /node_modules/framer/build/framer.debug.js 0 B (3ms)
[2019-03-30 18:37:59.5540] - INFO - Backing up to /Users/samenoka/Library/Autosave Information/Framer-BCAB163F-589D-4E6D-990F-5315B5F4B033/container/.backups/2019-03-30 18.37.59.zip
[2019-03-30 18:38:00.4350] - DEBUG - [Save session: 8] Started, operation: autosaveInPlaceOperation, implicitly cancellable
[2019-03-30 18:38:00.4350] - DEBUG - [Save session: 8] Before container.writeChanges
[2019-03-30 18:38:00.4390] - DEBUG - [Save session: 8] Before waitUsingRecursiveRunLoop
[2019-03-30 18:38:00.4530] - DEBUG - [Save session: 8] Completed container.writeChanges
[2019-03-30 18:38:00.4530] - DEBUG - [Save session: 8] Completed waitUsingRecursiveRunLoop
[2019-03-30 18:38:00.4760] - DEBUG - [Save session: 8] Completed super.save
[2019-03-30 18:39:04.5130] - INFO - Backing up to /Users/samenoka/Library/Autosave Information/Framer-BCAB163F-589D-4E6D-990F-5315B5F4B033/container/.backups/2019-03-30 18.39.04.zip
[2019-03-30 18:39:36.8920] - INFO - GET 200 /README.md 15 B (1ms)
[2019-03-30 18:39:41.3390] - INFO - GET 200 /README.md 24 B (1ms)
[2019-03-30 18:39:45.1290] - INFO - GET 200 /README.md 46 B (1ms)
[2019-03-30 18:39:46.6740] - INFO - GET 200 /README.md 48 B (2ms)
